0 info it worked if it ends with ok
1 verbose cli [ '/Users/thechori/.nvm/versions/node/v6.5.0/bin/node',
1 verbose cli   '/Users/thechori/.nvm/versions/node/v6.5.0/bin/npm',
1 verbose cli   'start' ]
2 info using npm@3.10.3
3 info using node@v6.5.0
4 verbose run-script [ 'prestart', 'start', 'poststart' ]
5 info lifecycle ylc-website@1.0.0~prestart: ylc-website@1.0.0
6 silly lifecycle ylc-website@1.0.0~prestart: no script for prestart, continuing
7 info lifecycle ylc-website@1.0.0~start: ylc-website@1.0.0
8 verbose lifecycle ylc-website@1.0.0~start: unsafe-perm in lifecycle true
9 verbose lifecycle ylc-website@1.0.0~start: PATH: /Users/thechori/.nvm/versions/node/v6.5.0/lib/node_modules/npm/bin/node-gyp-bin:/Users/thechori/Code/ylc-website/node_modules/.bin:/Users/thechori/.nvm/versions/node/v6.5.0/bin:/opt/local/bin:/opt/local/sbin:/Users/thechori/.rvm/gems/ruby-2.3.0/bin:/Users/thechori/.rvm/gems/ruby-2.3.0@global/bin:/Users/thechori/.rvm/rubies/ruby-2.3.0/bin:/Users/thechori/.nvm/versions/node/v6.5.0/bin:/usr/local/heroku/bin:/usr/local/bin:/usr/bin:/bin:/usr/sbin:/sbin:/usr/local/git/bin:/Users/thechori/.composer/vendor/bin:/Users/thechori/.meteor:/usr/local/bin:~/.composer/vendor/bin:~/.composer/vendor/bin:/Users/thechori/.meteor:/Users/thechori/.rvm/bin:/Users/thechori/Library/Android/sdk/tools:/Users/thechori/Library/Android/sdk/platform-tools
10 verbose lifecycle ylc-website@1.0.0~start: CWD: /Users/thechori/Code/ylc-website
11 silly lifecycle ylc-website@1.0.0~start: Args: [ '-c', 'node app.js' ]
12 silly lifecycle ylc-website@1.0.0~start: Returned: code: 1  signal: null
13 info lifecycle ylc-website@1.0.0~start: Failed to exec start script
14 verbose stack Error: ylc-website@1.0.0 start: `node app.js`
14 verbose stack Exit status 1
14 verbose stack     at EventEmitter.<anonymous> (/Users/thechori/.nvm/versions/node/v6.5.0/lib/node_modules/npm/lib/utils/lifecycle.js:242:16)
14 verbose stack     at emitTwo (events.js:106:13)
14 verbose stack     at EventEmitter.emit (events.js:191:7)
14 verbose stack     at ChildProcess.<anonymous> (/Users/thechori/.nvm/versions/node/v6.5.0/lib/node_modules/npm/lib/utils/spawn.js:40:14)
14 verbose stack     at emitTwo (events.js:106:13)
14 verbose stack     at ChildProcess.emit (events.js:191:7)
14 verbose stack     at maybeClose (internal/child_process.js:877:16)
14 verbose stack     at Process.ChildProcess._handle.onexit (internal/child_process.js:226:5)
15 verbose pkgid ylc-website@1.0.0
16 verbose cwd /Users/thechori/Code/ylc-website
17 error Darwin 16.0.0
18 error argv "/Users/thechori/.nvm/versions/node/v6.5.0/bin/node" "/Users/thechori/.nvm/versions/node/v6.5.0/bin/npm" "start"
19 error node v6.5.0
20 error npm  v3.10.3
21 error code ELIFECYCLE
22 error ylc-website@1.0.0 start: `node app.js`
22 error Exit status 1
23 error Failed at the ylc-website@1.0.0 start script 'node app.js'.
23 error Make sure you have the latest version of node.js and npm installed.
23 error If you do, this is most likely a problem with the ylc-website package,
23 error not with npm itself.
23 error Tell the author that this fails on your system:
23 error     node app.js
23 error You can get information on how to open an issue for this project with:
23 error     npm bugs ylc-website
23 error Or if that isn't available, you can get their info via:
23 error     npm owner ls ylc-website
23 error There is likely additional logging output above.
24 verbose exit [ 1, true ]
